2022-03-14 11:04:30 INFO  Log:10 - =====================================End to End Test TEST START=========================================
2022-03-14 11:04:31 INFO  Log:21 - user is searching for a product
2022-03-14 11:04:35 INFO  Log:21 - Enter qntity n size of the item
2022-03-14 11:04:48 INFO  Log:21 - Enter username n password
2022-03-14 11:04:55 INFO  Log:21 - Verifying if user is able to successfully done the transaction
2022-03-14 11:04:55 INFO  Log:21 - ent to end test is successful
2022-03-14 11:04:55 INFO  Log:14 - =====================================End to End Test TEST END=========================================
2022-03-17 14:07:21 INFO  Log:10 - =====================================End to End Test TEST START=========================================
2022-03-17 14:07:22 INFO  Log:21 - user is searching for a product
2022-03-17 14:07:32 INFO  Log:21 - Enter qntity n size of the item
2022-03-17 14:07:49 INFO  Log:21 - Enter username n password
2022-03-17 14:08:06 INFO  Log:21 - Verifying if user is able to successfully done the transaction
2022-03-17 14:08:06 INFO  Log:21 - ent to end test is successful
2022-03-17 14:08:06 INFO  Log:14 - =====================================End to End Test TEST END=========================================
2022-03-17 14:09:32 DEBUG cache:45 - Couldn't find template in cache for "spark/spark.spa.ftl"("en_IN", UTF-8, parsed); will try to load it.
2022-03-17 14:09:32 DEBUG cache:45 - TemplateLoader.findTemplateSource("spark/spark.spa_en_IN.ftl"): Not found
2022-03-17 14:09:32 DEBUG cache:45 - TemplateLoader.findTemplateSource("spark/spark.spa_en.ftl"): Not found
2022-03-17 14:09:32 DEBUG cache:45 - TemplateLoader.findTemplateSource("spark/spark.spa.ftl"): Found
2022-03-17 14:09:32 DEBUG cache:45 - Loading template for "spark/spark.spa.ftl"("en_IN", UTF-8, parsed) from "jar:file:/C:/Users/Piyush/.m2/repository/com/aventstack/extentreports/5.0.9/extentreports-5.0.9.jar!/com/aventstack/extentreports/templates/spark/spark.spa.ftl"
2022-03-17 14:09:33 DEBUG cache:45 - Couldn't find template in cache for "commons/commons-variables.ftl"("en_IN", UTF-8, parsed); will try to load it.
2022-03-17 14:09:33 DEBUG cache:45 - TemplateLoader.findTemplateSource("commons/commons-variables_en_IN.ftl"): Not found
2022-03-17 14:09:33 DEBUG cache:45 - TemplateLoader.findTemplateSource("commons/commons-variables_en.ftl"): Not found
2022-03-17 14:09:33 DEBUG cache:45 - TemplateLoader.findTemplateSource("commons/commons-variables.ftl"): Found
2022-03-17 14:09:33 DEBUG cache:45 - Loading template for "commons/commons-variables.ftl"("en_IN", UTF-8, parsed) from "jar:file:/C:/Users/Piyush/.m2/repository/com/aventstack/extentreports/5.0.9/extentreports-5.0.9.jar!/com/aventstack/extentreports/templates/commons/commons-variables.ftl"
2022-03-17 14:09:33 DEBUG cache:45 - Couldn't find template in cache for "commons/commons-macros.ftl"("en_IN", UTF-8, parsed); will try to load it.
2022-03-17 14:09:33 DEBUG cache:45 - TemplateLoader.findTemplateSource("commons/commons-macros_en_IN.ftl"): Not found
2022-03-17 14:09:33 DEBUG cache:45 - TemplateLoader.findTemplateSource("commons/commons-macros_en.ftl"): Not found
2022-03-17 14:09:33 DEBUG cache:45 - TemplateLoader.findTemplateSource("commons/commons-macros.ftl"): Found
2022-03-17 14:09:33 DEBUG cache:45 - Loading template for "commons/commons-macros.ftl"("en_IN", UTF-8, parsed) from "jar:file:/C:/Users/Piyush/.m2/repository/com/aventstack/extentreports/5.0.9/extentreports-5.0.9.jar!/com/aventstack/extentreports/templates/commons/commons-macros.ftl"
2022-03-17 14:09:33 DEBUG cache:45 - Couldn't find template in cache for "spark/macros/attributes.ftl"("en_IN", UTF-8, parsed); will try to load it.
2022-03-17 14:09:33 DEBUG cache:45 - TemplateLoader.findTemplateSource("spark/macros/attributes_en_IN.ftl"): Not found
2022-03-17 14:09:33 DEBUG cache:45 - TemplateLoader.findTemplateSource("spark/macros/attributes_en.ftl"): Not found
2022-03-17 14:09:33 DEBUG cache:45 - TemplateLoader.findTemplateSource("spark/macros/attributes.ftl"): Found
2022-03-17 14:09:33 DEBUG cache:45 - Loading template for "spark/macros/attributes.ftl"("en_IN", UTF-8, parsed) from "jar:file:/C:/Users/Piyush/.m2/repository/com/aventstack/extentreports/5.0.9/extentreports-5.0.9.jar!/com/aventstack/extentreports/templates/spark/macros/attributes.ftl"
2022-03-17 14:09:33 DEBUG cache:45 - Couldn't find template in cache for "spark/macros/log.ftl"("en_IN", UTF-8, parsed); will try to load it.
2022-03-17 14:09:33 DEBUG cache:45 - TemplateLoader.findTemplateSource("spark/macros/log_en_IN.ftl"): Not found
2022-03-17 14:09:33 DEBUG cache:45 - TemplateLoader.findTemplateSource("spark/macros/log_en.ftl"): Not found
2022-03-17 14:09:33 DEBUG cache:45 - TemplateLoader.findTemplateSource("spark/macros/log.ftl"): Found
2022-03-17 14:09:33 DEBUG cache:45 - Loading template for "spark/macros/log.ftl"("en_IN", UTF-8, parsed) from "jar:file:/C:/Users/Piyush/.m2/repository/com/aventstack/extentreports/5.0.9/extentreports-5.0.9.jar!/com/aventstack/extentreports/templates/spark/macros/log.ftl"
2022-03-17 14:09:33 DEBUG cache:45 - Couldn't find template in cache for "spark/macros/recurse_nodes.ftl"("en_IN", UTF-8, parsed); will try to load it.
2022-03-17 14:09:33 DEBUG cache:45 - TemplateLoader.findTemplateSource("spark/macros/recurse_nodes_en_IN.ftl"): Not found
2022-03-17 14:09:33 DEBUG cache:45 - TemplateLoader.findTemplateSource("spark/macros/recurse_nodes_en.ftl"): Not found
2022-03-17 14:09:33 DEBUG cache:45 - TemplateLoader.findTemplateSource("spark/macros/recurse_nodes.ftl"): Found
2022-03-17 14:09:33 DEBUG cache:45 - Loading template for "spark/macros/recurse_nodes.ftl"("en_IN", UTF-8, parsed) from "jar:file:/C:/Users/Piyush/.m2/repository/com/aventstack/extentreports/5.0.9/extentreports-5.0.9.jar!/com/aventstack/extentreports/templates/spark/macros/recurse_nodes.ftl"
2022-03-17 14:09:33 DEBUG cache:45 - "spark/macros/log.ftl"("en_IN", UTF-8, parsed) cached copy not yet stale; using cached.
2022-03-17 14:09:33 DEBUG cache:45 - Couldn't find template in cache for "spark/macros/attr-common.ftl"("en_IN", UTF-8, parsed); will try to load it.
2022-03-17 14:09:33 DEBUG cache:45 - TemplateLoader.findTemplateSource("spark/macros/attr-common_en_IN.ftl"): Not found
2022-03-17 14:09:33 DEBUG cache:45 - TemplateLoader.findTemplateSource("spark/macros/attr-common_en.ftl"): Not found
2022-03-17 14:09:33 DEBUG cache:45 - TemplateLoader.findTemplateSource("spark/macros/attr-common.ftl"): Found
2022-03-17 14:09:33 DEBUG cache:45 - Loading template for "spark/macros/attr-common.ftl"("en_IN", UTF-8, parsed) from "jar:file:/C:/Users/Piyush/.m2/repository/com/aventstack/extentreports/5.0.9/extentreports-5.0.9.jar!/com/aventstack/extentreports/templates/spark/macros/attr-common.ftl"
2022-03-17 14:09:34 DEBUG cache:45 - Couldn't find template in cache for "spark/partials/head.ftl"("en_IN", UTF-8, parsed); will try to load it.
2022-03-17 14:09:34 DEBUG cache:45 - TemplateLoader.findTemplateSource("spark/partials/head_en_IN.ftl"): Not found
2022-03-17 14:09:34 DEBUG cache:45 - TemplateLoader.findTemplateSource("spark/partials/head_en.ftl"): Not found
2022-03-17 14:09:34 DEBUG cache:45 - TemplateLoader.findTemplateSource("spark/partials/head.ftl"): Found
2022-03-17 14:09:34 DEBUG cache:45 - Loading template for "spark/partials/head.ftl"("en_IN", UTF-8, parsed) from "jar:file:/C:/Users/Piyush/.m2/repository/com/aventstack/extentreports/5.0.9/extentreports-5.0.9.jar!/com/aventstack/extentreports/templates/spark/partials/head.ftl"
2022-03-17 14:09:34 DEBUG cache:45 - Couldn't find template in cache for "commons/commons-inject-css.ftl"("en_IN", UTF-8, parsed); will try to load it.
2022-03-17 14:09:34 DEBUG cache:45 - TemplateLoader.findTemplateSource("commons/commons-inject-css_en_IN.ftl"): Not found
2022-03-17 14:09:34 DEBUG cache:45 - TemplateLoader.findTemplateSource("commons/commons-inject-css_en.ftl"): Not found
2022-03-17 14:09:34 DEBUG cache:45 - TemplateLoader.findTemplateSource("commons/commons-inject-css.ftl"): Found
2022-03-17 14:09:34 DEBUG cache:45 - Loading template for "commons/commons-inject-css.ftl"("en_IN", UTF-8, parsed) from "jar:file:/C:/Users/Piyush/.m2/repository/com/aventstack/extentreports/5.0.9/extentreports-5.0.9.jar!/com/aventstack/extentreports/templates/commons/commons-inject-css.ftl"
2022-03-17 14:09:34 DEBUG cache:45 - Couldn't find template in cache for "spark/partials/navbar.ftl"("en_IN", UTF-8, parsed); will try to load it.
2022-03-17 14:09:34 DEBUG cache:45 - TemplateLoader.findTemplateSource("spark/partials/navbar_en_IN.ftl"): Not found
2022-03-17 14:09:34 DEBUG cache:45 - TemplateLoader.findTemplateSource("spark/partials/navbar_en.ftl"): Not found
2022-03-17 14:09:34 DEBUG cache:45 - TemplateLoader.findTemplateSource("spark/partials/navbar.ftl"): Found
2022-03-17 14:09:34 DEBUG cache:45 - Loading template for "spark/partials/navbar.ftl"("en_IN", UTF-8, parsed) from "jar:file:/C:/Users/Piyush/.m2/repository/com/aventstack/extentreports/5.0.9/extentreports-5.0.9.jar!/com/aventstack/extentreports/templates/spark/partials/navbar.ftl"
2022-03-17 14:09:34 DEBUG cache:45 - Couldn't find template in cache for "spark/partials/sidenav.ftl"("en_IN", UTF-8, parsed); will try to load it.
2022-03-17 14:09:34 DEBUG cache:45 - TemplateLoader.findTemplateSource("spark/partials/sidenav_en_IN.ftl"): Not found
2022-03-17 14:09:34 DEBUG cache:45 - TemplateLoader.findTemplateSource("spark/partials/sidenav_en.ftl"): Not found
2022-03-17 14:09:34 DEBUG cache:45 - TemplateLoader.findTemplateSource("spark/partials/sidenav.ftl"): Found
2022-03-17 14:09:34 DEBUG cache:45 - Loading template for "spark/partials/sidenav.ftl"("en_IN", UTF-8, parsed) from "jar:file:/C:/Users/Piyush/.m2/repository/com/aventstack/extentreports/5.0.9/extentreports-5.0.9.jar!/com/aventstack/extentreports/templates/spark/partials/sidenav.ftl"
2022-03-17 14:09:34 DEBUG cache:45 - Couldn't find template in cache for "spark/partials/test.ftl"("en_IN", UTF-8, parsed); will try to load it.
2022-03-17 14:09:34 DEBUG cache:45 - TemplateLoader.findTemplateSource("spark/partials/test_en_IN.ftl"): Not found
2022-03-17 14:09:34 DEBUG cache:45 - TemplateLoader.findTemplateSource("spark/partials/test_en.ftl"): Not found
2022-03-17 14:09:34 DEBUG cache:45 - TemplateLoader.findTemplateSource("spark/partials/test.ftl"): Found
2022-03-17 14:09:34 DEBUG cache:45 - Loading template for "spark/partials/test.ftl"("en_IN", UTF-8, parsed) from "jar:file:/C:/Users/Piyush/.m2/repository/com/aventstack/extentreports/5.0.9/extentreports-5.0.9.jar!/com/aventstack/extentreports/templates/spark/partials/test.ftl"
2022-03-17 14:09:34 DEBUG cache:45 - Couldn't find template in cache for "spark/partials/standard-content.ftl"("en_IN", UTF-8, parsed); will try to load it.
2022-03-17 14:09:34 DEBUG cache:45 - TemplateLoader.findTemplateSource("spark/partials/standard-content_en_IN.ftl"): Not found
2022-03-17 14:09:34 DEBUG cache:45 - TemplateLoader.findTemplateSource("spark/partials/standard-content_en.ftl"): Not found
2022-03-17 14:09:34 DEBUG cache:45 - TemplateLoader.findTemplateSource("spark/partials/standard-content.ftl"): Found
2022-03-17 14:09:34 DEBUG cache:45 - Loading template for "spark/partials/standard-content.ftl"("en_IN", UTF-8, parsed) from "jar:file:/C:/Users/Piyush/.m2/repository/com/aventstack/extentreports/5.0.9/extentreports-5.0.9.jar!/com/aventstack/extentreports/templates/spark/partials/standard-content.ftl"
2022-03-17 14:09:34 DEBUG cache:45 - "spark/partials/standard-content.ftl"("en_IN", UTF-8, parsed) cached copy not yet stale; using cached.
2022-03-17 14:09:34 DEBUG cache:45 - "spark/partials/standard-content.ftl"("en_IN", UTF-8, parsed) cached copy not yet stale; using cached.
2022-03-17 14:09:34 DEBUG cache:45 - "spark/partials/standard-content.ftl"("en_IN", UTF-8, parsed) cached copy not yet stale; using cached.
2022-03-17 14:09:34 DEBUG cache:45 - "spark/partials/standard-content.ftl"("en_IN", UTF-8, parsed) cached copy not yet stale; using cached.
2022-03-17 14:09:34 DEBUG cache:45 - "spark/partials/standard-content.ftl"("en_IN", UTF-8, parsed) cached copy not yet stale; using cached.
2022-03-17 14:09:34 DEBUG cache:45 - "spark/partials/standard-content.ftl"("en_IN", UTF-8, parsed) cached copy not yet stale; using cached.
2022-03-17 14:09:34 DEBUG cache:45 - "spark/partials/standard-content.ftl"("en_IN", UTF-8, parsed) cached copy not yet stale; using cached.
2022-03-17 14:09:34 DEBUG cache:45 - "spark/partials/standard-content.ftl"("en_IN", UTF-8, parsed) cached copy not yet stale; using cached.
2022-03-17 14:09:34 DEBUG cache:45 - "spark/partials/standard-content.ftl"("en_IN", UTF-8, parsed) cached copy not yet stale; using cached.
2022-03-17 14:09:34 DEBUG cache:45 - Couldn't find template in cache for "spark/partials/exception.ftl"("en_IN", UTF-8, parsed); will try to load it.
2022-03-17 14:09:34 DEBUG cache:45 - TemplateLoader.findTemplateSource("spark/partials/exception_en_IN.ftl"): Not found
2022-03-17 14:09:34 DEBUG cache:45 - TemplateLoader.findTemplateSource("spark/partials/exception_en.ftl"): Not found
2022-03-17 14:09:34 DEBUG cache:45 - TemplateLoader.findTemplateSource("spark/partials/exception.ftl"): Found
2022-03-17 14:09:34 DEBUG cache:45 - Loading template for "spark/partials/exception.ftl"("en_IN", UTF-8, parsed) from "jar:file:/C:/Users/Piyush/.m2/repository/com/aventstack/extentreports/5.0.9/extentreports-5.0.9.jar!/com/aventstack/extentreports/templates/spark/partials/exception.ftl"
2022-03-17 14:09:34 DEBUG cache:45 - Couldn't find template in cache for "spark/partials/category.ftl"("en_IN", UTF-8, parsed); will try to load it.
2022-03-17 14:09:34 DEBUG cache:45 - TemplateLoader.findTemplateSource("spark/partials/category_en_IN.ftl"): Not found
2022-03-17 14:09:34 DEBUG cache:45 - TemplateLoader.findTemplateSource("spark/partials/category_en.ftl"): Not found
2022-03-17 14:09:34 DEBUG cache:45 - TemplateLoader.findTemplateSource("spark/partials/category.ftl"): Found
2022-03-17 14:09:34 DEBUG cache:45 - Loading template for "spark/partials/category.ftl"("en_IN", UTF-8, parsed) from "jar:file:/C:/Users/Piyush/.m2/repository/com/aventstack/extentreports/5.0.9/extentreports-5.0.9.jar!/com/aventstack/extentreports/templates/spark/partials/category.ftl"
2022-03-17 14:09:34 DEBUG cache:45 - Couldn't find template in cache for "spark/partials/device.ftl"("en_IN", UTF-8, parsed); will try to load it.
2022-03-17 14:09:34 DEBUG cache:45 - TemplateLoader.findTemplateSource("spark/partials/device_en_IN.ftl"): Not found
2022-03-17 14:09:34 DEBUG cache:45 - TemplateLoader.findTemplateSource("spark/partials/device_en.ftl"): Not found
2022-03-17 14:09:34 DEBUG cache:45 - TemplateLoader.findTemplateSource("spark/partials/device.ftl"): Found
2022-03-17 14:09:34 DEBUG cache:45 - Loading template for "spark/partials/device.ftl"("en_IN", UTF-8, parsed) from "jar:file:/C:/Users/Piyush/.m2/repository/com/aventstack/extentreports/5.0.9/extentreports-5.0.9.jar!/com/aventstack/extentreports/templates/spark/partials/device.ftl"
2022-03-17 14:09:34 DEBUG cache:45 - Couldn't find template in cache for "spark/partials/author.ftl"("en_IN", UTF-8, parsed); will try to load it.
2022-03-17 14:09:34 DEBUG cache:45 - TemplateLoader.findTemplateSource("spark/partials/author_en_IN.ftl"): Not found
2022-03-17 14:09:34 DEBUG cache:45 - TemplateLoader.findTemplateSource("spark/partials/author_en.ftl"): Not found
2022-03-17 14:09:34 DEBUG cache:45 - TemplateLoader.findTemplateSource("spark/partials/author.ftl"): Found
2022-03-17 14:09:34 DEBUG cache:45 - Loading template for "spark/partials/author.ftl"("en_IN", UTF-8, parsed) from "jar:file:/C:/Users/Piyush/.m2/repository/com/aventstack/extentreports/5.0.9/extentreports-5.0.9.jar!/com/aventstack/extentreports/templates/spark/partials/author.ftl"
2022-03-17 14:09:34 DEBUG cache:45 - Couldn't find template in cache for "spark/partials/log.ftl"("en_IN", UTF-8, parsed); will try to load it.
2022-03-17 14:09:34 DEBUG cache:45 - TemplateLoader.findTemplateSource("spark/partials/log_en_IN.ftl"): Not found
2022-03-17 14:09:34 DEBUG cache:45 - TemplateLoader.findTemplateSource("spark/partials/log_en.ftl"): Not found
2022-03-17 14:09:34 DEBUG cache:45 - TemplateLoader.findTemplateSource("spark/partials/log.ftl"): Found
2022-03-17 14:09:34 DEBUG cache:45 - Loading template for "spark/partials/log.ftl"("en_IN", UTF-8, parsed) from "jar:file:/C:/Users/Piyush/.m2/repository/com/aventstack/extentreports/5.0.9/extentreports-5.0.9.jar!/com/aventstack/extentreports/templates/spark/partials/log.ftl"
2022-03-17 14:09:34 DEBUG cache:45 - Couldn't find template in cache for "spark/partials/dashboard.ftl"("en_IN", UTF-8, parsed); will try to load it.
2022-03-17 14:09:34 DEBUG cache:45 - TemplateLoader.findTemplateSource("spark/partials/dashboard_en_IN.ftl"): Not found
2022-03-17 14:09:34 DEBUG cache:45 - TemplateLoader.findTemplateSource("spark/partials/dashboard_en.ftl"): Not found
2022-03-17 14:09:34 DEBUG cache:45 - TemplateLoader.findTemplateSource("spark/partials/dashboard.ftl"): Found
2022-03-17 14:09:34 DEBUG cache:45 - Loading template for "spark/partials/dashboard.ftl"("en_IN", UTF-8, parsed) from "jar:file:/C:/Users/Piyush/.m2/repository/com/aventstack/extentreports/5.0.9/extentreports-5.0.9.jar!/com/aventstack/extentreports/templates/spark/partials/dashboard.ftl"
2022-03-17 14:09:35 DEBUG cache:45 - Couldn't find template in cache for "spark/partials/scripts.ftl"("en_IN", UTF-8, parsed); will try to load it.
2022-03-17 14:09:35 DEBUG cache:45 - TemplateLoader.findTemplateSource("spark/partials/scripts_en_IN.ftl"): Not found
2022-03-17 14:09:35 DEBUG cache:45 - TemplateLoader.findTemplateSource("spark/partials/scripts_en.ftl"): Not found
2022-03-17 14:09:35 DEBUG cache:45 - TemplateLoader.findTemplateSource("spark/partials/scripts.ftl"): Found
2022-03-17 14:09:35 DEBUG cache:45 - Loading template for "spark/partials/scripts.ftl"("en_IN", UTF-8, parsed) from "jar:file:/C:/Users/Piyush/.m2/repository/com/aventstack/extentreports/5.0.9/extentreports-5.0.9.jar!/com/aventstack/extentreports/templates/spark/partials/scripts.ftl"
2022-03-17 14:09:35 DEBUG cache:45 - Couldn't find template in cache for "commons/commons-inject-js.ftl"("en_IN", UTF-8, parsed); will try to load it.
2022-03-17 14:09:35 DEBUG cache:45 - TemplateLoader.findTemplateSource("commons/commons-inject-js_en_IN.ftl"): Not found
2022-03-17 14:09:35 DEBUG cache:45 - TemplateLoader.findTemplateSource("commons/commons-inject-js_en.ftl"): Not found
2022-03-17 14:09:35 DEBUG cache:45 - TemplateLoader.findTemplateSource("commons/commons-inject-js.ftl"): Found
2022-03-17 14:09:35 DEBUG cache:45 - Loading template for "commons/commons-inject-js.ftl"("en_IN", UTF-8, parsed) from "jar:file:/C:/Users/Piyush/.m2/repository/com/aventstack/extentreports/5.0.9/extentreports-5.0.9.jar!/com/aventstack/extentreports/templates/commons/commons-inject-js.ftl"
2022-03-17 14:09:35 DEBUG cache:45 - "spark/spark.spa.ftl"("en_IN", UTF-8, parsed) cached copy not yet stale; using cached.
2022-03-17 14:09:35 DEBUG cache:45 - "commons/commons-variables.ftl"("en_IN", UTF-8, parsed) cached copy not yet stale; using cached.
2022-03-17 14:09:35 DEBUG cache:45 - "commons/commons-macros.ftl"("en_IN", UTF-8, parsed) cached copy not yet stale; using cached.
2022-03-17 14:09:35 DEBUG cache:45 - "spark/macros/attributes.ftl"("en_IN", UTF-8, parsed) cached copy not yet stale; using cached.
2022-03-17 14:09:35 DEBUG cache:45 - "spark/macros/log.ftl"("en_IN", UTF-8, parsed) cached copy not yet stale; using cached.
2022-03-17 14:09:35 DEBUG cache:45 - "spark/macros/recurse_nodes.ftl"("en_IN", UTF-8, parsed) cached copy not yet stale; using cached.
2022-03-17 14:09:35 DEBUG cache:45 - "spark/macros/log.ftl"("en_IN", UTF-8, parsed) cached copy not yet stale; using cached.
2022-03-17 14:09:35 DEBUG cache:45 - "spark/macros/attr-common.ftl"("en_IN", UTF-8, parsed) cached copy not yet stale; using cached.
2022-03-17 14:09:35 DEBUG cache:45 - "spark/partials/head.ftl"("en_IN", UTF-8, parsed) cached copy not yet stale; using cached.
2022-03-17 14:09:35 DEBUG cache:45 - "commons/commons-inject-css.ftl"("en_IN", UTF-8, parsed) cached copy not yet stale; using cached.
2022-03-17 14:09:35 DEBUG cache:45 - "spark/partials/navbar.ftl"("en_IN", UTF-8, parsed) cached copy not yet stale; using cached.
2022-03-17 14:09:35 DEBUG cache:45 - "spark/partials/sidenav.ftl"("en_IN", UTF-8, parsed) cached copy not yet stale; using cached.
2022-03-17 14:09:35 DEBUG cache:45 - "spark/partials/test.ftl"("en_IN", UTF-8, parsed) cached copy not yet stale; using cached.
2022-03-17 14:09:35 DEBUG cache:45 - "spark/partials/standard-content.ftl"("en_IN", UTF-8, parsed) cached copy not yet stale; using cached.
2022-03-17 14:09:35 DEBUG cache:45 - "spark/partials/standard-content.ftl"("en_IN", UTF-8, parsed) cached copy not yet stale; using cached.
2022-03-17 14:09:35 DEBUG cache:45 - "spark/partials/standard-content.ftl"("en_IN", UTF-8, parsed) cached copy not yet stale; using cached.
2022-03-17 14:09:35 DEBUG cache:45 - "spark/partials/standard-content.ftl"("en_IN", UTF-8, parsed) cached copy not yet stale; using cached.
2022-03-17 14:09:35 DEBUG cache:45 - "spark/partials/standard-content.ftl"("en_IN", UTF-8, parsed) cached copy not yet stale; using cached.
2022-03-17 14:09:35 DEBUG cache:45 - "spark/partials/standard-content.ftl"("en_IN", UTF-8, parsed) cached copy not yet stale; using cached.
2022-03-17 14:09:35 DEBUG cache:45 - "spark/partials/standard-content.ftl"("en_IN", UTF-8, parsed) cached copy not yet stale; using cached.
2022-03-17 14:09:35 DEBUG cache:45 - "spark/partials/standard-content.ftl"("en_IN", UTF-8, parsed) cached copy not yet stale; using cached.
2022-03-17 14:09:35 DEBUG cache:45 - "spark/partials/standard-content.ftl"("en_IN", UTF-8, parsed) cached copy not yet stale; using cached.
2022-03-17 14:09:35 DEBUG cache:45 - "spark/partials/standard-content.ftl"("en_IN", UTF-8, parsed) cached copy not yet stale; using cached.
2022-03-17 14:09:35 DEBUG cache:45 - "spark/partials/exception.ftl"("en_IN", UTF-8, parsed) cached copy not yet stale; using cached.
2022-03-17 14:09:35 DEBUG cache:45 - "spark/partials/category.ftl"("en_IN", UTF-8, parsed) cached copy not yet stale; using cached.
2022-03-17 14:09:35 DEBUG cache:45 - "spark/partials/device.ftl"("en_IN", UTF-8, parsed) cached copy not yet stale; using cached.
2022-03-17 14:09:35 DEBUG cache:45 - "spark/partials/author.ftl"("en_IN", UTF-8, parsed) cached copy not yet stale; using cached.
2022-03-17 14:09:35 DEBUG cache:45 - "spark/partials/log.ftl"("en_IN", UTF-8, parsed) cached copy not yet stale; using cached.
2022-03-17 14:09:35 DEBUG cache:45 - "spark/partials/dashboard.ftl"("en_IN", UTF-8, parsed) cached copy not yet stale; using cached.
2022-03-17 14:09:35 DEBUG cache:45 - "spark/partials/scripts.ftl"("en_IN", UTF-8, parsed) cached copy not yet stale; using cached.
2022-03-17 14:09:35 DEBUG cache:45 - "commons/commons-inject-js.ftl"("en_IN", UTF-8, parsed) cached copy not yet stale; using cached.
2022-03-17 16:27:28 INFO  Log:10 - =====================================End to End Test TEST START=========================================
2022-03-17 16:27:28 INFO  Log:21 - user is searching for a product
2022-03-17 16:27:33 INFO  Log:21 - Enter qntity n size of the item
2022-03-17 16:27:42 INFO  Log:21 - Enter username n password
2022-03-17 16:27:59 INFO  Log:21 - Verifying if user is able to successfully done the transaction
2022-03-17 16:27:59 INFO  Log:21 - ent to end test is successful
2022-03-17 16:27:59 INFO  Log:14 - =====================================End to End Test TEST END=========================================
2022-03-17 16:29:19 DEBUG cache:45 - Couldn't find template in cache for "spark/spark.spa.ftl"("en_IN", UTF-8, parsed); will try to load it.
2022-03-17 16:29:19 DEBUG cache:45 - TemplateLoader.findTemplateSource("spark/spark.spa_en_IN.ftl"): Not found
2022-03-17 16:29:19 DEBUG cache:45 - TemplateLoader.findTemplateSource("spark/spark.spa_en.ftl"): Not found
2022-03-17 16:29:19 DEBUG cache:45 - TemplateLoader.findTemplateSource("spark/spark.spa.ftl"): Found
2022-03-17 16:29:19 DEBUG cache:45 - Loading template for "spark/spark.spa.ftl"("en_IN", UTF-8, parsed) from "jar:file:/C:/Users/Piyush/.m2/repository/com/aventstack/extentreports/5.0.9/extentreports-5.0.9.jar!/com/aventstack/extentreports/templates/spark/spark.spa.ftl"
2022-03-17 16:29:19 DEBUG cache:45 - Couldn't find template in cache for "commons/commons-variables.ftl"("en_IN", UTF-8, parsed); will try to load it.
2022-03-17 16:29:19 DEBUG cache:45 - TemplateLoader.findTemplateSource("commons/commons-variables_en_IN.ftl"): Not found
2022-03-17 16:29:19 DEBUG cache:45 - TemplateLoader.findTemplateSource("commons/commons-variables_en.ftl"): Not found
2022-03-17 16:29:19 DEBUG cache:45 - TemplateLoader.findTemplateSource("commons/commons-variables.ftl"): Found
2022-03-17 16:29:19 DEBUG cache:45 - Loading template for "commons/commons-variables.ftl"("en_IN", UTF-8, parsed) from "jar:file:/C:/Users/Piyush/.m2/repository/com/aventstack/extentreports/5.0.9/extentreports-5.0.9.jar!/com/aventstack/extentreports/templates/commons/commons-variables.ftl"
2022-03-17 16:29:20 DEBUG cache:45 - Couldn't find template in cache for "commons/commons-macros.ftl"("en_IN", UTF-8, parsed); will try to load it.
2022-03-17 16:29:20 DEBUG cache:45 - TemplateLoader.findTemplateSource("commons/commons-macros_en_IN.ftl"): Not found
2022-03-17 16:29:20 DEBUG cache:45 - TemplateLoader.findTemplateSource("commons/commons-macros_en.ftl"): Not found
2022-03-17 16:29:20 DEBUG cache:45 - TemplateLoader.findTemplateSource("commons/commons-macros.ftl"): Found
2022-03-17 16:29:20 DEBUG cache:45 - Loading template for "commons/commons-macros.ftl"("en_IN", UTF-8, parsed) from "jar:file:/C:/Users/Piyush/.m2/repository/com/aventstack/extentreports/5.0.9/extentreports-5.0.9.jar!/com/aventstack/extentreports/templates/commons/commons-macros.ftl"
2022-03-17 16:29:20 DEBUG cache:45 - Couldn't find template in cache for "spark/macros/attributes.ftl"("en_IN", UTF-8, parsed); will try to load it.
2022-03-17 16:29:20 DEBUG cache:45 - TemplateLoader.findTemplateSource("spark/macros/attributes_en_IN.ftl"): Not found
2022-03-17 16:29:20 DEBUG cache:45 - TemplateLoader.findTemplateSource("spark/macros/attributes_en.ftl"): Not found
2022-03-17 16:29:20 DEBUG cache:45 - TemplateLoader.findTemplateSource("spark/macros/attributes.ftl"): Found
2022-03-17 16:29:20 DEBUG cache:45 - Loading template for "spark/macros/attributes.ftl"("en_IN", UTF-8, parsed) from "jar:file:/C:/Users/Piyush/.m2/repository/com/aventstack/extentreports/5.0.9/extentreports-5.0.9.jar!/com/aventstack/extentreports/templates/spark/macros/attributes.ftl"
2022-03-17 16:29:20 DEBUG cache:45 - Couldn't find template in cache for "spark/macros/log.ftl"("en_IN", UTF-8, parsed); will try to load it.
2022-03-17 16:29:20 DEBUG cache:45 - TemplateLoader.findTemplateSource("spark/macros/log_en_IN.ftl"): Not found
2022-03-17 16:29:20 DEBUG cache:45 - TemplateLoader.findTemplateSource("spark/macros/log_en.ftl"): Not found
2022-03-17 16:29:20 DEBUG cache:45 - TemplateLoader.findTemplateSource("spark/macros/log.ftl"): Found
2022-03-17 16:29:20 DEBUG cache:45 - Loading template for "spark/macros/log.ftl"("en_IN", UTF-8, parsed) from "jar:file:/C:/Users/Piyush/.m2/repository/com/aventstack/extentreports/5.0.9/extentreports-5.0.9.jar!/com/aventstack/extentreports/templates/spark/macros/log.ftl"
2022-03-17 16:29:20 DEBUG cache:45 - Couldn't find template in cache for "spark/macros/recurse_nodes.ftl"("en_IN", UTF-8, parsed); will try to load it.
2022-03-17 16:29:20 DEBUG cache:45 - TemplateLoader.findTemplateSource("spark/macros/recurse_nodes_en_IN.ftl"): Not found
2022-03-17 16:29:20 DEBUG cache:45 - TemplateLoader.findTemplateSource("spark/macros/recurse_nodes_en.ftl"): Not found
2022-03-17 16:29:20 DEBUG cache:45 - TemplateLoader.findTemplateSource("spark/macros/recurse_nodes.ftl"): Found
2022-03-17 16:29:20 DEBUG cache:45 - Loading template for "spark/macros/recurse_nodes.ftl"("en_IN", UTF-8, parsed) from "jar:file:/C:/Users/Piyush/.m2/repository/com/aventstack/extentreports/5.0.9/extentreports-5.0.9.jar!/com/aventstack/extentreports/templates/spark/macros/recurse_nodes.ftl"
2022-03-17 16:29:20 DEBUG cache:45 - "spark/macros/log.ftl"("en_IN", UTF-8, parsed) cached copy not yet stale; using cached.
2022-03-17 16:29:20 DEBUG cache:45 - Couldn't find template in cache for "spark/macros/attr-common.ftl"("en_IN", UTF-8, parsed); will try to load it.
2022-03-17 16:29:20 DEBUG cache:45 - TemplateLoader.findTemplateSource("spark/macros/attr-common_en_IN.ftl"): Not found
2022-03-17 16:29:20 DEBUG cache:45 - TemplateLoader.findTemplateSource("spark/macros/attr-common_en.ftl"): Not found
2022-03-17 16:29:20 DEBUG cache:45 - TemplateLoader.findTemplateSource("spark/macros/attr-common.ftl"): Found
2022-03-17 16:29:20 DEBUG cache:45 - Loading template for "spark/macros/attr-common.ftl"("en_IN", UTF-8, parsed) from "jar:file:/C:/Users/Piyush/.m2/repository/com/aventstack/extentreports/5.0.9/extentreports-5.0.9.jar!/com/aventstack/extentreports/templates/spark/macros/attr-common.ftl"
2022-03-17 16:29:20 DEBUG cache:45 - Couldn't find template in cache for "spark/partials/head.ftl"("en_IN", UTF-8, parsed); will try to load it.
2022-03-17 16:29:20 DEBUG cache:45 - TemplateLoader.findTemplateSource("spark/partials/head_en_IN.ftl"): Not found
2022-03-17 16:29:20 DEBUG cache:45 - TemplateLoader.findTemplateSource("spark/partials/head_en.ftl"): Not found
2022-03-17 16:29:20 DEBUG cache:45 - TemplateLoader.findTemplateSource("spark/partials/head.ftl"): Found
2022-03-17 16:29:20 DEBUG cache:45 - Loading template for "spark/partials/head.ftl"("en_IN", UTF-8, parsed) from "jar:file:/C:/Users/Piyush/.m2/repository/com/aventstack/extentreports/5.0.9/extentreports-5.0.9.jar!/com/aventstack/extentreports/templates/spark/partials/head.ftl"
2022-03-17 16:29:20 DEBUG cache:45 - Couldn't find template in cache for "commons/commons-inject-css.ftl"("en_IN", UTF-8, parsed); will try to load it.
2022-03-17 16:29:20 DEBUG cache:45 - TemplateLoader.findTemplateSource("commons/commons-inject-css_en_IN.ftl"): Not found
2022-03-17 16:29:20 DEBUG cache:45 - TemplateLoader.findTemplateSource("commons/commons-inject-css_en.ftl"): Not found
2022-03-17 16:29:20 DEBUG cache:45 - TemplateLoader.findTemplateSource("commons/commons-inject-css.ftl"): Found
2022-03-17 16:29:20 DEBUG cache:45 - Loading template for "commons/commons-inject-css.ftl"("en_IN", UTF-8, parsed) from "jar:file:/C:/Users/Piyush/.m2/repository/com/aventstack/extentreports/5.0.9/extentreports-5.0.9.jar!/com/aventstack/extentreports/templates/commons/commons-inject-css.ftl"
2022-03-17 16:29:20 DEBUG cache:45 - Couldn't find template in cache for "spark/partials/navbar.ftl"("en_IN", UTF-8, parsed); will try to load it.
2022-03-17 16:29:20 DEBUG cache:45 - TemplateLoader.findTemplateSource("spark/partials/navbar_en_IN.ftl"): Not found
2022-03-17 16:29:20 DEBUG cache:45 - TemplateLoader.findTemplateSource("spark/partials/navbar_en.ftl"): Not found
2022-03-17 16:29:20 DEBUG cache:45 - TemplateLoader.findTemplateSource("spark/partials/navbar.ftl"): Found
2022-03-17 16:29:20 DEBUG cache:45 - Loading template for "spark/partials/navbar.ftl"("en_IN", UTF-8, parsed) from "jar:file:/C:/Users/Piyush/.m2/repository/com/aventstack/extentreports/5.0.9/extentreports-5.0.9.jar!/com/aventstack/extentreports/templates/spark/partials/navbar.ftl"
2022-03-17 16:29:20 DEBUG cache:45 - Couldn't find template in cache for "spark/partials/sidenav.ftl"("en_IN", UTF-8, parsed); will try to load it.
2022-03-17 16:29:20 DEBUG cache:45 - TemplateLoader.findTemplateSource("spark/partials/sidenav_en_IN.ftl"): Not found
2022-03-17 16:29:20 DEBUG cache:45 - TemplateLoader.findTemplateSource("spark/partials/sidenav_en.ftl"): Not found
2022-03-17 16:29:20 DEBUG cache:45 - TemplateLoader.findTemplateSource("spark/partials/sidenav.ftl"): Found
2022-03-17 16:29:20 DEBUG cache:45 - Loading template for "spark/partials/sidenav.ftl"("en_IN", UTF-8, parsed) from "jar:file:/C:/Users/Piyush/.m2/repository/com/aventstack/extentreports/5.0.9/extentreports-5.0.9.jar!/com/aventstack/extentreports/templates/spark/partials/sidenav.ftl"
2022-03-17 16:29:21 DEBUG cache:45 - Couldn't find template in cache for "spark/partials/test.ftl"("en_IN", UTF-8, parsed); will try to load it.
2022-03-17 16:29:21 DEBUG cache:45 - TemplateLoader.findTemplateSource("spark/partials/test_en_IN.ftl"): Not found
2022-03-17 16:29:21 DEBUG cache:45 - TemplateLoader.findTemplateSource("spark/partials/test_en.ftl"): Not found
2022-03-17 16:29:21 DEBUG cache:45 - TemplateLoader.findTemplateSource("spark/partials/test.ftl"): Found
2022-03-17 16:29:21 DEBUG cache:45 - Loading template for "spark/partials/test.ftl"("en_IN", UTF-8, parsed) from "jar:file:/C:/Users/Piyush/.m2/repository/com/aventstack/extentreports/5.0.9/extentreports-5.0.9.jar!/com/aventstack/extentreports/templates/spark/partials/test.ftl"
2022-03-17 16:29:21 DEBUG cache:45 - Couldn't find template in cache for "spark/partials/standard-content.ftl"("en_IN", UTF-8, parsed); will try to load it.
2022-03-17 16:29:21 DEBUG cache:45 - TemplateLoader.findTemplateSource("spark/partials/standard-content_en_IN.ftl"): Not found
2022-03-17 16:29:21 DEBUG cache:45 - TemplateLoader.findTemplateSource("spark/partials/standard-content_en.ftl"): Not found
2022-03-17 16:29:21 DEBUG cache:45 - TemplateLoader.findTemplateSource("spark/partials/standard-content.ftl"): Found
2022-03-17 16:29:21 DEBUG cache:45 - Loading template for "spark/partials/standard-content.ftl"("en_IN", UTF-8, parsed) from "jar:file:/C:/Users/Piyush/.m2/repository/com/aventstack/extentreports/5.0.9/extentreports-5.0.9.jar!/com/aventstack/extentreports/templates/spark/partials/standard-content.ftl"
2022-03-17 16:29:21 DEBUG cache:45 - "spark/partials/standard-content.ftl"("en_IN", UTF-8, parsed) cached copy not yet stale; using cached.
2022-03-17 16:29:21 DEBUG cache:45 - "spark/partials/standard-content.ftl"("en_IN", UTF-8, parsed) cached copy not yet stale; using cached.
2022-03-17 16:29:21 DEBUG cache:45 - "spark/partials/standard-content.ftl"("en_IN", UTF-8, parsed) cached copy not yet stale; using cached.
2022-03-17 16:29:21 DEBUG cache:45 - "spark/partials/standard-content.ftl"("en_IN", UTF-8, parsed) cached copy not yet stale; using cached.
2022-03-17 16:29:21 DEBUG cache:45 - "spark/partials/standard-content.ftl"("en_IN", UTF-8, parsed) cached copy not yet stale; using cached.
2022-03-17 16:29:21 DEBUG cache:45 - "spark/partials/standard-content.ftl"("en_IN", UTF-8, parsed) cached copy not yet stale; using cached.
2022-03-17 16:29:21 DEBUG cache:45 - "spark/partials/standard-content.ftl"("en_IN", UTF-8, parsed) cached copy not yet stale; using cached.
2022-03-17 16:29:21 DEBUG cache:45 - "spark/partials/standard-content.ftl"("en_IN", UTF-8, parsed) cached copy not yet stale; using cached.
2022-03-17 16:29:21 DEBUG cache:45 - "spark/partials/standard-content.ftl"("en_IN", UTF-8, parsed) cached copy not yet stale; using cached.
2022-03-17 16:29:21 DEBUG cache:45 - Couldn't find template in cache for "spark/partials/exception.ftl"("en_IN", UTF-8, parsed); will try to load it.
2022-03-17 16:29:21 DEBUG cache:45 - TemplateLoader.findTemplateSource("spark/partials/exception_en_IN.ftl"): Not found
2022-03-17 16:29:21 DEBUG cache:45 - TemplateLoader.findTemplateSource("spark/partials/exception_en.ftl"): Not found
2022-03-17 16:29:21 DEBUG cache:45 - TemplateLoader.findTemplateSource("spark/partials/exception.ftl"): Found
2022-03-17 16:29:21 DEBUG cache:45 - Loading template for "spark/partials/exception.ftl"("en_IN", UTF-8, parsed) from "jar:file:/C:/Users/Piyush/.m2/repository/com/aventstack/extentreports/5.0.9/extentreports-5.0.9.jar!/com/aventstack/extentreports/templates/spark/partials/exception.ftl"
2022-03-17 16:29:21 DEBUG cache:45 - Couldn't find template in cache for "spark/partials/category.ftl"("en_IN", UTF-8, parsed); will try to load it.
2022-03-17 16:29:21 DEBUG cache:45 - TemplateLoader.findTemplateSource("spark/partials/category_en_IN.ftl"): Not found
2022-03-17 16:29:21 DEBUG cache:45 - TemplateLoader.findTemplateSource("spark/partials/category_en.ftl"): Not found
2022-03-17 16:29:21 DEBUG cache:45 - TemplateLoader.findTemplateSource("spark/partials/category.ftl"): Found
2022-03-17 16:29:21 DEBUG cache:45 - Loading template for "spark/partials/category.ftl"("en_IN", UTF-8, parsed) from "jar:file:/C:/Users/Piyush/.m2/repository/com/aventstack/extentreports/5.0.9/extentreports-5.0.9.jar!/com/aventstack/extentreports/templates/spark/partials/category.ftl"
2022-03-17 16:29:21 DEBUG cache:45 - Couldn't find template in cache for "spark/partials/device.ftl"("en_IN", UTF-8, parsed); will try to load it.
2022-03-17 16:29:21 DEBUG cache:45 - TemplateLoader.findTemplateSource("spark/partials/device_en_IN.ftl"): Not found
2022-03-17 16:29:21 DEBUG cache:45 - TemplateLoader.findTemplateSource("spark/partials/device_en.ftl"): Not found
2022-03-17 16:29:21 DEBUG cache:45 - TemplateLoader.findTemplateSource("spark/partials/device.ftl"): Found
2022-03-17 16:29:21 DEBUG cache:45 - Loading template for "spark/partials/device.ftl"("en_IN", UTF-8, parsed) from "jar:file:/C:/Users/Piyush/.m2/repository/com/aventstack/extentreports/5.0.9/extentreports-5.0.9.jar!/com/aventstack/extentreports/templates/spark/partials/device.ftl"
2022-03-17 16:29:21 DEBUG cache:45 - Couldn't find template in cache for "spark/partials/author.ftl"("en_IN", UTF-8, parsed); will try to load it.
2022-03-17 16:29:21 DEBUG cache:45 - TemplateLoader.findTemplateSource("spark/partials/author_en_IN.ftl"): Not found
2022-03-17 16:29:21 DEBUG cache:45 - TemplateLoader.findTemplateSource("spark/partials/author_en.ftl"): Not found
2022-03-17 16:29:21 DEBUG cache:45 - TemplateLoader.findTemplateSource("spark/partials/author.ftl"): Found
2022-03-17 16:29:21 DEBUG cache:45 - Loading template for "spark/partials/author.ftl"("en_IN", UTF-8, parsed) from "jar:file:/C:/Users/Piyush/.m2/repository/com/aventstack/extentreports/5.0.9/extentreports-5.0.9.jar!/com/aventstack/extentreports/templates/spark/partials/author.ftl"
2022-03-17 16:29:21 DEBUG cache:45 - Couldn't find template in cache for "spark/partials/log.ftl"("en_IN", UTF-8, parsed); will try to load it.
2022-03-17 16:29:21 DEBUG cache:45 - TemplateLoader.findTemplateSource("spark/partials/log_en_IN.ftl"): Not found
2022-03-17 16:29:21 DEBUG cache:45 - TemplateLoader.findTemplateSource("spark/partials/log_en.ftl"): Not found
2022-03-17 16:29:21 DEBUG cache:45 - TemplateLoader.findTemplateSource("spark/partials/log.ftl"): Found
2022-03-17 16:29:21 DEBUG cache:45 - Loading template for "spark/partials/log.ftl"("en_IN", UTF-8, parsed) from "jar:file:/C:/Users/Piyush/.m2/repository/com/aventstack/extentreports/5.0.9/extentreports-5.0.9.jar!/com/aventstack/extentreports/templates/spark/partials/log.ftl"
2022-03-17 16:29:21 DEBUG cache:45 - Couldn't find template in cache for "spark/partials/dashboard.ftl"("en_IN", UTF-8, parsed); will try to load it.
2022-03-17 16:29:21 DEBUG cache:45 - TemplateLoader.findTemplateSource("spark/partials/dashboard_en_IN.ftl"): Not found
2022-03-17 16:29:21 DEBUG cache:45 - TemplateLoader.findTemplateSource("spark/partials/dashboard_en.ftl"): Not found
2022-03-17 16:29:21 DEBUG cache:45 - TemplateLoader.findTemplateSource("spark/partials/dashboard.ftl"): Found
2022-03-17 16:29:21 DEBUG cache:45 - Loading template for "spark/partials/dashboard.ftl"("en_IN", UTF-8, parsed) from "jar:file:/C:/Users/Piyush/.m2/repository/com/aventstack/extentreports/5.0.9/extentreports-5.0.9.jar!/com/aventstack/extentreports/templates/spark/partials/dashboard.ftl"
2022-03-17 16:29:21 DEBUG cache:45 - Couldn't find template in cache for "spark/partials/scripts.ftl"("en_IN", UTF-8, parsed); will try to load it.
2022-03-17 16:29:21 DEBUG cache:45 - TemplateLoader.findTemplateSource("spark/partials/scripts_en_IN.ftl"): Not found
2022-03-17 16:29:21 DEBUG cache:45 - TemplateLoader.findTemplateSource("spark/partials/scripts_en.ftl"): Not found
2022-03-17 16:29:21 DEBUG cache:45 - TemplateLoader.findTemplateSource("spark/partials/scripts.ftl"): Found
2022-03-17 16:29:21 DEBUG cache:45 - Loading template for "spark/partials/scripts.ftl"("en_IN", UTF-8, parsed) from "jar:file:/C:/Users/Piyush/.m2/repository/com/aventstack/extentreports/5.0.9/extentreports-5.0.9.jar!/com/aventstack/extentreports/templates/spark/partials/scripts.ftl"
2022-03-17 16:29:21 DEBUG cache:45 - Couldn't find template in cache for "commons/commons-inject-js.ftl"("en_IN", UTF-8, parsed); will try to load it.
2022-03-17 16:29:21 DEBUG cache:45 - TemplateLoader.findTemplateSource("commons/commons-inject-js_en_IN.ftl"): Not found
2022-03-17 16:29:21 DEBUG cache:45 - TemplateLoader.findTemplateSource("commons/commons-inject-js_en.ftl"): Not found
2022-03-17 16:29:21 DEBUG cache:45 - TemplateLoader.findTemplateSource("commons/commons-inject-js.ftl"): Found
2022-03-17 16:29:21 DEBUG cache:45 - Loading template for "commons/commons-inject-js.ftl"("en_IN", UTF-8, parsed) from "jar:file:/C:/Users/Piyush/.m2/repository/com/aventstack/extentreports/5.0.9/extentreports-5.0.9.jar!/com/aventstack/extentreports/templates/commons/commons-inject-js.ftl"
2022-03-18 09:28:36 INFO  Log:10 - =====================================End to End Test TEST START=========================================
2022-03-18 09:28:36 INFO  Log:21 - user is searching for a product
2022-03-18 09:28:42 INFO  Log:21 - Enter qntity n size of the item
2022-03-18 09:28:55 INFO  Log:21 - Enter username n password
2022-03-18 09:29:30 INFO  Log:21 - Verifying if user is able to successfully done the transaction
2022-03-18 09:29:30 INFO  Log:21 - ent to end test is successful
2022-03-18 09:29:30 INFO  Log:14 - =====================================End to End Test TEST END=========================================
2022-03-18 10:08:21 INFO  Log:10 - =====================================End to End Test TEST START=========================================
2022-03-18 10:08:21 INFO  Log:21 - user is searching for a product
2022-03-18 10:08:40 INFO  Log:21 - Enter qntity n size of the item
2022-03-18 10:09:12 INFO  Log:21 - Enter username n password
2022-03-18 10:11:53 DEBUG cache:45 - Couldn't find template in cache for "v3html/v3-html-index.ftl"("en", UTF-8, parsed); will try to load it.
2022-03-18 10:11:53 DEBUG cache:45 - TemplateLoader.findTemplateSource("v3html/v3-html-index_en.ftl"): Not found
2022-03-18 10:11:53 DEBUG cache:45 - TemplateLoader.findTemplateSource("v3html/v3-html-index.ftl"): Found
2022-03-18 10:11:53 DEBUG cache:45 - Loading template for "v3html/v3-html-index.ftl"("en", UTF-8, parsed) from "jar:file:/C:/Users/Piyush/.m2/repository/com/aventstack/extentreports/4.0.9/extentreports-4.0.9.jar!/com/aventstack/extentreports/view/v3html/v3-html-index.ftl"
2022-03-18 10:11:54 DEBUG cache:45 - Couldn't find template in cache for "v3html/v3-html-head.ftl"("en", UTF-8, parsed); will try to load it.
2022-03-18 10:11:54 DEBUG cache:45 - TemplateLoader.findTemplateSource("v3html/v3-html-head_en.ftl"): Not found
2022-03-18 10:11:54 DEBUG cache:45 - TemplateLoader.findTemplateSource("v3html/v3-html-head.ftl"): Found
2022-03-18 10:11:54 DEBUG cache:45 - Loading template for "v3html/v3-html-head.ftl"("en", UTF-8, parsed) from "jar:file:/C:/Users/Piyush/.m2/repository/com/aventstack/extentreports/4.0.9/extentreports-4.0.9.jar!/com/aventstack/extentreports/view/v3html/v3-html-head.ftl"
2022-03-18 10:11:54 DEBUG cache:45 - Couldn't find template in cache for "v3html/v3-html-nav.ftl"("en", UTF-8, parsed); will try to load it.
2022-03-18 10:11:54 DEBUG cache:45 - TemplateLoader.findTemplateSource("v3html/v3-html-nav_en.ftl"): Not found
2022-03-18 10:11:54 DEBUG cache:45 - TemplateLoader.findTemplateSource("v3html/v3-html-nav.ftl"): Found
2022-03-18 10:11:54 DEBUG cache:45 - Loading template for "v3html/v3-html-nav.ftl"("en", UTF-8, parsed) from "jar:file:/C:/Users/Piyush/.m2/repository/com/aventstack/extentreports/4.0.9/extentreports-4.0.9.jar!/com/aventstack/extentreports/view/v3html/v3-html-nav.ftl"
2022-03-18 10:11:54 DEBUG cache:45 - Couldn't find template in cache for "v3html/test-view/v3-html-test-view.ftl"("en", UTF-8, parsed); will try to load it.
2022-03-18 10:11:54 DEBUG cache:45 - TemplateLoader.findTemplateSource("v3html/test-view/v3-html-test-view_en.ftl"): Not found
2022-03-18 10:11:54 DEBUG cache:45 - TemplateLoader.findTemplateSource("v3html/test-view/v3-html-test-view.ftl"): Found
2022-03-18 10:11:54 DEBUG cache:45 - Loading template for "v3html/test-view/v3-html-test-view.ftl"("en", UTF-8, parsed) from "jar:file:/C:/Users/Piyush/.m2/repository/com/aventstack/extentreports/4.0.9/extentreports-4.0.9.jar!/com/aventstack/extentreports/view/v3html/test-view/v3-html-test-view.ftl"
2022-03-18 10:11:54 DEBUG cache:45 - Couldn't find template in cache for "v3html/test-view/v3-html-test-view-charts.ftl"("en", UTF-8, parsed); will try to load it.
2022-03-18 10:11:54 DEBUG cache:45 - TemplateLoader.findTemplateSource("v3html/test-view/v3-html-test-view-charts_en.ftl"): Not found
2022-03-18 10:11:54 DEBUG cache:45 - TemplateLoader.findTemplateSource("v3html/test-view/v3-html-test-view-charts.ftl"): Found
2022-03-18 10:11:54 DEBUG cache:45 - Loading template for "v3html/test-view/v3-html-test-view-charts.ftl"("en", UTF-8, parsed) from "jar:file:/C:/Users/Piyush/.m2/repository/com/aventstack/extentreports/4.0.9/extentreports-4.0.9.jar!/com/aventstack/extentreports/view/v3html/test-view/v3-html-test-view-charts.ftl"
2022-03-18 10:11:54 DEBUG cache:45 - Couldn't find template in cache for "v3html/test-view/v3-html-standard.ftl"("en", UTF-8, parsed); will try to load it.
2022-03-18 10:11:54 DEBUG cache:45 - TemplateLoader.findTemplateSource("v3html/test-view/v3-html-standard_en.ftl"): Not found
2022-03-18 10:11:54 DEBUG cache:45 - TemplateLoader.findTemplateSource("v3html/test-view/v3-html-standard.ftl"): Found
2022-03-18 10:11:54 DEBUG cache:45 - Loading template for "v3html/test-view/v3-html-standard.ftl"("en", UTF-8, parsed) from "jar:file:/C:/Users/Piyush/.m2/repository/com/aventstack/extentreports/4.0.9/extentreports-4.0.9.jar!/com/aventstack/extentreports/view/v3html/test-view/v3-html-standard.ftl"
2022-03-18 10:11:54 DEBUG cache:45 - "v3html/test-view/v3-html-standard.ftl"("en", UTF-8, parsed) cached copy not yet stale; using cached.
2022-03-18 10:11:54 DEBUG cache:45 - "v3html/test-view/v3-html-standard.ftl"("en", UTF-8, parsed) cached copy not yet stale; using cached.
2022-03-18 10:11:54 DEBUG cache:45 - "v3html/test-view/v3-html-standard.ftl"("en", UTF-8, parsed) cached copy not yet stale; using cached.
2022-03-18 10:11:54 DEBUG cache:45 - "v3html/test-view/v3-html-standard.ftl"("en", UTF-8, parsed) cached copy not yet stale; using cached.
2022-03-18 10:11:54 DEBUG cache:45 - "v3html/test-view/v3-html-standard.ftl"("en", UTF-8, parsed) cached copy not yet stale; using cached.
2022-03-18 10:11:54 DEBUG cache:45 - "v3html/test-view/v3-html-standard.ftl"("en", UTF-8, parsed) cached copy not yet stale; using cached.
2022-03-18 10:11:54 DEBUG cache:45 - "v3html/test-view/v3-html-standard.ftl"("en", UTF-8, parsed) cached copy not yet stale; using cached.
2022-03-18 10:11:54 DEBUG cache:45 - "v3html/test-view/v3-html-standard.ftl"("en", UTF-8, parsed) cached copy not yet stale; using cached.
2022-03-18 10:11:54 DEBUG cache:45 - "v3html/test-view/v3-html-standard.ftl"("en", UTF-8, parsed) cached copy not yet stale; using cached.
2022-03-18 10:11:54 DEBUG cache:45 - Couldn't find template in cache for "v3html/category-view/v3-html-category-view.ftl"("en", UTF-8, parsed); will try to load it.
2022-03-18 10:11:54 DEBUG cache:45 - TemplateLoader.findTemplateSource("v3html/category-view/v3-html-category-view_en.ftl"): Not found
2022-03-18 10:11:54 DEBUG cache:45 - TemplateLoader.findTemplateSource("v3html/category-view/v3-html-category-view.ftl"): Found
2022-03-18 10:11:54 DEBUG cache:45 - Loading template for "v3html/category-view/v3-html-category-view.ftl"("en", UTF-8, parsed) from "jar:file:/C:/Users/Piyush/.m2/repository/com/aventstack/extentreports/4.0.9/extentreports-4.0.9.jar!/com/aventstack/extentreports/view/v3html/category-view/v3-html-category-view.ftl"
2022-03-18 10:11:54 DEBUG cache:45 - Couldn't find template in cache for "v3html/exception-view/v3-html-exception-view.ftl"("en", UTF-8, parsed); will try to load it.
2022-03-18 10:11:54 DEBUG cache:45 - TemplateLoader.findTemplateSource("v3html/exception-view/v3-html-exception-view_en.ftl"): Not found
2022-03-18 10:11:54 DEBUG cache:45 - TemplateLoader.findTemplateSource("v3html/exception-view/v3-html-exception-view.ftl"): Found
2022-03-18 10:11:54 DEBUG cache:45 - Loading template for "v3html/exception-view/v3-html-exception-view.ftl"("en", UTF-8, parsed) from "jar:file:/C:/Users/Piyush/.m2/repository/com/aventstack/extentreports/4.0.9/extentreports-4.0.9.jar!/com/aventstack/extentreports/view/v3html/exception-view/v3-html-exception-view.ftl"
2022-03-18 10:11:54 DEBUG cache:45 - Couldn't find template in cache for "v3html/author-view/v3-html-author-view.ftl"("en", UTF-8, parsed); will try to load it.
2022-03-18 10:11:54 DEBUG cache:45 - TemplateLoader.findTemplateSource("v3html/author-view/v3-html-author-view_en.ftl"): Not found
2022-03-18 10:11:54 DEBUG cache:45 - TemplateLoader.findTemplateSource("v3html/author-view/v3-html-author-view.ftl"): Found
2022-03-18 10:11:54 DEBUG cache:45 - Loading template for "v3html/author-view/v3-html-author-view.ftl"("en", UTF-8, parsed) from "jar:file:/C:/Users/Piyush/.m2/repository/com/aventstack/extentreports/4.0.9/extentreports-4.0.9.jar!/com/aventstack/extentreports/view/v3html/author-view/v3-html-author-view.ftl"
2022-03-18 10:11:54 DEBUG cache:45 - Couldn't find template in cache for "v3html/dashboard-view/v3-html-dashboard-view.ftl"("en", UTF-8, parsed); will try to load it.
2022-03-18 10:11:54 DEBUG cache:45 - TemplateLoader.findTemplateSource("v3html/dashboard-view/v3-html-dashboard-view_en.ftl"): Not found
2022-03-18 10:11:54 DEBUG cache:45 - TemplateLoader.findTemplateSource("v3html/dashboard-view/v3-html-dashboard-view.ftl"): Found
2022-03-18 10:11:54 DEBUG cache:45 - Loading template for "v3html/dashboard-view/v3-html-dashboard-view.ftl"("en", UTF-8, parsed) from "jar:file:/C:/Users/Piyush/.m2/repository/com/aventstack/extentreports/4.0.9/extentreports-4.0.9.jar!/com/aventstack/extentreports/view/v3html/dashboard-view/v3-html-dashboard-view.ftl"
2022-03-18 10:11:54 DEBUG cache:45 - Couldn't find template in cache for "v3html/logs-view/v3-html-testrunner-logs-view.ftl"("en", UTF-8, parsed); will try to load it.
2022-03-18 10:11:54 DEBUG cache:45 - TemplateLoader.findTemplateSource("v3html/logs-view/v3-html-testrunner-logs-view_en.ftl"): Not found
2022-03-18 10:11:54 DEBUG cache:45 - TemplateLoader.findTemplateSource("v3html/logs-view/v3-html-testrunner-logs-view.ftl"): Found
2022-03-18 10:11:54 DEBUG cache:45 - Loading template for "v3html/logs-view/v3-html-testrunner-logs-view.ftl"("en", UTF-8, parsed) from "jar:file:/C:/Users/Piyush/.m2/repository/com/aventstack/extentreports/4.0.9/extentreports-4.0.9.jar!/com/aventstack/extentreports/view/v3html/logs-view/v3-html-testrunner-logs-view.ftl"
2022-03-18 12:24:00 INFO  Log:10 - =====================================End to End Test TEST START=========================================
2022-03-18 12:24:01 INFO  Log:21 - user is searching for a product
2022-03-18 12:24:05 INFO  Log:21 - Enter qntity n size of the item
2022-03-18 12:24:13 INFO  Log:21 - Enter username n password
2022-03-18 12:24:24 INFO  Log:21 - Verifying if user is able to successfully done the transaction
2022-03-18 12:24:24 INFO  Log:21 - ent to end test is successful
2022-03-18 12:24:24 INFO  Log:14 - =====================================End to End Test TEST END=========================================
2022-03-18 12:25:41 DEBUG cache:45 - Couldn't find template in cache for "v3html/v3-html-index.ftl"("en", UTF-8, parsed); will try to load it.
2022-03-18 12:25:41 DEBUG cache:45 - TemplateLoader.findTemplateSource("v3html/v3-html-index_en.ftl"): Not found
2022-03-18 12:25:41 DEBUG cache:45 - TemplateLoader.findTemplateSource("v3html/v3-html-index.ftl"): Found
2022-03-18 12:25:41 DEBUG cache:45 - Loading template for "v3html/v3-html-index.ftl"("en", UTF-8, parsed) from "jar:file:/C:/Users/Piyush/.m2/repository/com/aventstack/extentreports/4.0.9/extentreports-4.0.9.jar!/com/aventstack/extentreports/view/v3html/v3-html-index.ftl"
2022-03-18 12:25:42 DEBUG cache:45 - Couldn't find template in cache for "v3html/v3-html-head.ftl"("en", UTF-8, parsed); will try to load it.
2022-03-18 12:25:42 DEBUG cache:45 - TemplateLoader.findTemplateSource("v3html/v3-html-head_en.ftl"): Not found
2022-03-18 12:25:42 DEBUG cache:45 - TemplateLoader.findTemplateSource("v3html/v3-html-head.ftl"): Found
2022-03-18 12:25:42 DEBUG cache:45 - Loading template for "v3html/v3-html-head.ftl"("en", UTF-8, parsed) from "jar:file:/C:/Users/Piyush/.m2/repository/com/aventstack/extentreports/4.0.9/extentreports-4.0.9.jar!/com/aventstack/extentreports/view/v3html/v3-html-head.ftl"
2022-03-18 12:25:42 DEBUG cache:45 - Couldn't find template in cache for "v3html/v3-html-nav.ftl"("en", UTF-8, parsed); will try to load it.
2022-03-18 12:25:42 DEBUG cache:45 - TemplateLoader.findTemplateSource("v3html/v3-html-nav_en.ftl"): Not found
2022-03-18 12:25:42 DEBUG cache:45 - TemplateLoader.findTemplateSource("v3html/v3-html-nav.ftl"): Found
2022-03-18 12:25:42 DEBUG cache:45 - Loading template for "v3html/v3-html-nav.ftl"("en", UTF-8, parsed) from "jar:file:/C:/Users/Piyush/.m2/repository/com/aventstack/extentreports/4.0.9/extentreports-4.0.9.jar!/com/aventstack/extentreports/view/v3html/v3-html-nav.ftl"
2022-03-18 12:25:42 DEBUG cache:45 - Couldn't find template in cache for "v3html/test-view/v3-html-test-view.ftl"("en", UTF-8, parsed); will try to load it.
2022-03-18 12:25:42 DEBUG cache:45 - TemplateLoader.findTemplateSource("v3html/test-view/v3-html-test-view_en.ftl"): Not found
2022-03-18 12:25:42 DEBUG cache:45 - TemplateLoader.findTemplateSource("v3html/test-view/v3-html-test-view.ftl"): Found
2022-03-18 12:25:42 DEBUG cache:45 - Loading template for "v3html/test-view/v3-html-test-view.ftl"("en", UTF-8, parsed) from "jar:file:/C:/Users/Piyush/.m2/repository/com/aventstack/extentreports/4.0.9/extentreports-4.0.9.jar!/com/aventstack/extentreports/view/v3html/test-view/v3-html-test-view.ftl"
2022-03-18 12:25:42 DEBUG cache:45 - Couldn't find template in cache for "v3html/test-view/v3-html-test-view-charts.ftl"("en", UTF-8, parsed); will try to load it.
2022-03-18 12:25:42 DEBUG cache:45 - TemplateLoader.findTemplateSource("v3html/test-view/v3-html-test-view-charts_en.ftl"): Not found
2022-03-18 12:25:42 DEBUG cache:45 - TemplateLoader.findTemplateSource("v3html/test-view/v3-html-test-view-charts.ftl"): Found
2022-03-18 12:25:42 DEBUG cache:45 - Loading template for "v3html/test-view/v3-html-test-view-charts.ftl"("en", UTF-8, parsed) from "jar:file:/C:/Users/Piyush/.m2/repository/com/aventstack/extentreports/4.0.9/extentreports-4.0.9.jar!/com/aventstack/extentreports/view/v3html/test-view/v3-html-test-view-charts.ftl"
2022-03-18 12:25:42 DEBUG cache:45 - Couldn't find template in cache for "v3html/test-view/v3-html-standard.ftl"("en", UTF-8, parsed); will try to load it.
2022-03-18 12:25:42 DEBUG cache:45 - TemplateLoader.findTemplateSource("v3html/test-view/v3-html-standard_en.ftl"): Not found
2022-03-18 12:25:42 DEBUG cache:45 - TemplateLoader.findTemplateSource("v3html/test-view/v3-html-standard.ftl"): Found
2022-03-18 12:25:42 DEBUG cache:45 - Loading template for "v3html/test-view/v3-html-standard.ftl"("en", UTF-8, parsed) from "jar:file:/C:/Users/Piyush/.m2/repository/com/aventstack/extentreports/4.0.9/extentreports-4.0.9.jar!/com/aventstack/extentreports/view/v3html/test-view/v3-html-standard.ftl"
2022-03-18 12:25:43 DEBUG cache:45 - "v3html/test-view/v3-html-standard.ftl"("en", UTF-8, parsed) cached copy not yet stale; using cached.
2022-03-18 12:25:43 DEBUG cache:45 - "v3html/test-view/v3-html-standard.ftl"("en", UTF-8, parsed) cached copy not yet stale; using cached.
2022-03-18 12:25:43 DEBUG cache:45 - "v3html/test-view/v3-html-standard.ftl"("en", UTF-8, parsed) cached copy not yet stale; using cached.
2022-03-18 12:25:43 DEBUG cache:45 - "v3html/test-view/v3-html-standard.ftl"("en", UTF-8, parsed) cached copy not yet stale; using cached.
2022-03-18 12:25:43 DEBUG cache:45 - "v3html/test-view/v3-html-standard.ftl"("en", UTF-8, parsed) cached copy not yet stale; using cached.
2022-03-18 12:25:43 DEBUG cache:45 - "v3html/test-view/v3-html-standard.ftl"("en", UTF-8, parsed) cached copy not yet stale; using cached.
2022-03-18 12:25:43 DEBUG cache:45 - "v3html/test-view/v3-html-standard.ftl"("en", UTF-8, parsed) cached copy not yet stale; using cached.
2022-03-18 12:25:43 DEBUG cache:45 - "v3html/test-view/v3-html-standard.ftl"("en", UTF-8, parsed) cached copy not yet stale; using cached.
2022-03-18 12:25:43 DEBUG cache:45 - "v3html/test-view/v3-html-standard.ftl"("en", UTF-8, parsed) cached copy not yet stale; using cached.
2022-03-18 12:25:43 DEBUG cache:45 - Couldn't find template in cache for "v3html/category-view/v3-html-category-view.ftl"("en", UTF-8, parsed); will try to load it.
2022-03-18 12:25:43 DEBUG cache:45 - TemplateLoader.findTemplateSource("v3html/category-view/v3-html-category-view_en.ftl"): Not found
2022-03-18 12:25:43 DEBUG cache:45 - TemplateLoader.findTemplateSource("v3html/category-view/v3-html-category-view.ftl"): Found
2022-03-18 12:25:43 DEBUG cache:45 - Loading template for "v3html/category-view/v3-html-category-view.ftl"("en", UTF-8, parsed) from "jar:file:/C:/Users/Piyush/.m2/repository/com/aventstack/extentreports/4.0.9/extentreports-4.0.9.jar!/com/aventstack/extentreports/view/v3html/category-view/v3-html-category-view.ftl"
2022-03-18 12:25:43 DEBUG cache:45 - Couldn't find template in cache for "v3html/exception-view/v3-html-exception-view.ftl"("en", UTF-8, parsed); will try to load it.
2022-03-18 12:25:43 DEBUG cache:45 - TemplateLoader.findTemplateSource("v3html/exception-view/v3-html-exception-view_en.ftl"): Not found
2022-03-18 12:25:43 DEBUG cache:45 - TemplateLoader.findTemplateSource("v3html/exception-view/v3-html-exception-view.ftl"): Found
2022-03-18 12:25:43 DEBUG cache:45 - Loading template for "v3html/exception-view/v3-html-exception-view.ftl"("en", UTF-8, parsed) from "jar:file:/C:/Users/Piyush/.m2/repository/com/aventstack/extentreports/4.0.9/extentreports-4.0.9.jar!/com/aventstack/extentreports/view/v3html/exception-view/v3-html-exception-view.ftl"
2022-03-18 12:25:43 DEBUG cache:45 - Couldn't find template in cache for "v3html/author-view/v3-html-author-view.ftl"("en", UTF-8, parsed); will try to load it.
2022-03-18 12:25:43 DEBUG cache:45 - TemplateLoader.findTemplateSource("v3html/author-view/v3-html-author-view_en.ftl"): Not found
2022-03-18 12:25:43 DEBUG cache:45 - TemplateLoader.findTemplateSource("v3html/author-view/v3-html-author-view.ftl"): Found
2022-03-18 12:25:43 DEBUG cache:45 - Loading template for "v3html/author-view/v3-html-author-view.ftl"("en", UTF-8, parsed) from "jar:file:/C:/Users/Piyush/.m2/repository/com/aventstack/extentreports/4.0.9/extentreports-4.0.9.jar!/com/aventstack/extentreports/view/v3html/author-view/v3-html-author-view.ftl"
2022-03-18 12:25:43 DEBUG cache:45 - Couldn't find template in cache for "v3html/dashboard-view/v3-html-dashboard-view.ftl"("en", UTF-8, parsed); will try to load it.
2022-03-18 12:25:43 DEBUG cache:45 - TemplateLoader.findTemplateSource("v3html/dashboard-view/v3-html-dashboard-view_en.ftl"): Not found
2022-03-18 12:25:43 DEBUG cache:45 - TemplateLoader.findTemplateSource("v3html/dashboard-view/v3-html-dashboard-view.ftl"): Found
2022-03-18 12:25:43 DEBUG cache:45 - Loading template for "v3html/dashboard-view/v3-html-dashboard-view.ftl"("en", UTF-8, parsed) from "jar:file:/C:/Users/Piyush/.m2/repository/com/aventstack/extentreports/4.0.9/extentreports-4.0.9.jar!/com/aventstack/extentreports/view/v3html/dashboard-view/v3-html-dashboard-view.ftl"
2022-03-18 12:25:43 DEBUG cache:45 - Couldn't find template in cache for "v3html/logs-view/v3-html-testrunner-logs-view.ftl"("en", UTF-8, parsed); will try to load it.
2022-03-18 12:25:43 DEBUG cache:45 - TemplateLoader.findTemplateSource("v3html/logs-view/v3-html-testrunner-logs-view_en.ftl"): Not found
2022-03-18 12:25:43 DEBUG cache:45 - TemplateLoader.findTemplateSource("v3html/logs-view/v3-html-testrunner-logs-view.ftl"): Found
2022-03-18 12:25:43 DEBUG cache:45 - Loading template for "v3html/logs-view/v3-html-testrunner-logs-view.ftl"("en", UTF-8, parsed) from "jar:file:/C:/Users/Piyush/.m2/repository/com/aventstack/extentreports/4.0.9/extentreports-4.0.9.jar!/com/aventstack/extentreports/view/v3html/logs-view/v3-html-testrunner-logs-view.ftl"
2022-03-18 12:32:56 INFO  Log:10 - =====================================End to End Test TEST START=========================================
2022-03-18 12:32:57 INFO  Log:21 - user is searching for a product
2022-03-18 12:33:06 INFO  Log:21 - Enter qntity n size of the item
2022-03-18 12:33:25 INFO  Log:21 - Enter username n password
2022-03-18 12:33:36 INFO  Log:21 - Verifying if user is able to successfully done the transaction
2022-03-18 12:33:36 INFO  Log:21 - ent to end test is successful
2022-03-18 12:33:36 INFO  Log:14 - =====================================End to End Test TEST END=========================================
2022-03-18 12:34:51 DEBUG cache:45 - Couldn't find template in cache for "spark/spark.spa.ftl"("en_IN", UTF-8, parsed); will try to load it.
2022-03-18 12:34:51 DEBUG cache:45 - TemplateLoader.findTemplateSource("spark/spark.spa_en_IN.ftl"): Not found
2022-03-18 12:34:51 DEBUG cache:45 - TemplateLoader.findTemplateSource("spark/spark.spa_en.ftl"): Not found
2022-03-18 12:34:51 DEBUG cache:45 - TemplateLoader.findTemplateSource("spark/spark.spa.ftl"): Found
2022-03-18 12:34:51 DEBUG cache:45 - Loading template for "spark/spark.spa.ftl"("en_IN", UTF-8, parsed) from "jar:file:/C:/Users/Piyush/.m2/repository/com/aventstack/extentreports/5.0.9/extentreports-5.0.9.jar!/com/aventstack/extentreports/templates/spark/spark.spa.ftl"
2022-03-18 12:34:51 DEBUG cache:45 - Couldn't find template in cache for "commons/commons-variables.ftl"("en_IN", UTF-8, parsed); will try to load it.
2022-03-18 12:34:51 DEBUG cache:45 - TemplateLoader.findTemplateSource("commons/commons-variables_en_IN.ftl"): Not found
2022-03-18 12:34:51 DEBUG cache:45 - TemplateLoader.findTemplateSource("commons/commons-variables_en.ftl"): Not found
2022-03-18 12:34:51 DEBUG cache:45 - TemplateLoader.findTemplateSource("commons/commons-variables.ftl"): Found
2022-03-18 12:34:51 DEBUG cache:45 - Loading template for "commons/commons-variables.ftl"("en_IN", UTF-8, parsed) from "jar:file:/C:/Users/Piyush/.m2/repository/com/aventstack/extentreports/5.0.9/extentreports-5.0.9.jar!/com/aventstack/extentreports/templates/commons/commons-variables.ftl"
2022-03-18 12:34:52 DEBUG cache:45 - Couldn't find template in cache for "commons/commons-macros.ftl"("en_IN", UTF-8, parsed); will try to load it.
2022-03-18 12:34:52 DEBUG cache:45 - TemplateLoader.findTemplateSource("commons/commons-macros_en_IN.ftl"): Not found
2022-03-18 12:34:52 DEBUG cache:45 - TemplateLoader.findTemplateSource("commons/commons-macros_en.ftl"): Not found
2022-03-18 12:34:52 DEBUG cache:45 - TemplateLoader.findTemplateSource("commons/commons-macros.ftl"): Found
2022-03-18 12:34:52 DEBUG cache:45 - Loading template for "commons/commons-macros.ftl"("en_IN", UTF-8, parsed) from "jar:file:/C:/Users/Piyush/.m2/repository/com/aventstack/extentreports/5.0.9/extentreports-5.0.9.jar!/com/aventstack/extentreports/templates/commons/commons-macros.ftl"
2022-03-18 12:34:52 DEBUG cache:45 - Couldn't find template in cache for "spark/macros/attributes.ftl"("en_IN", UTF-8, parsed); will try to load it.
2022-03-18 12:34:52 DEBUG cache:45 - TemplateLoader.findTemplateSource("spark/macros/attributes_en_IN.ftl"): Not found
2022-03-18 12:34:52 DEBUG cache:45 - TemplateLoader.findTemplateSource("spark/macros/attributes_en.ftl"): Not found
2022-03-18 12:34:52 DEBUG cache:45 - TemplateLoader.findTemplateSource("spark/macros/attributes.ftl"): Found
2022-03-18 12:34:52 DEBUG cache:45 - Loading template for "spark/macros/attributes.ftl"("en_IN", UTF-8, parsed) from "jar:file:/C:/Users/Piyush/.m2/repository/com/aventstack/extentreports/5.0.9/extentreports-5.0.9.jar!/com/aventstack/extentreports/templates/spark/macros/attributes.ftl"
2022-03-18 12:34:52 DEBUG cache:45 - Couldn't find template in cache for "spark/macros/log.ftl"("en_IN", UTF-8, parsed); will try to load it.
2022-03-18 12:34:52 DEBUG cache:45 - TemplateLoader.findTemplateSource("spark/macros/log_en_IN.ftl"): Not found
2022-03-18 12:34:52 DEBUG cache:45 - TemplateLoader.findTemplateSource("spark/macros/log_en.ftl"): Not found
2022-03-18 12:34:52 DEBUG cache:45 - TemplateLoader.findTemplateSource("spark/macros/log.ftl"): Found
2022-03-18 12:34:52 DEBUG cache:45 - Loading template for "spark/macros/log.ftl"("en_IN", UTF-8, parsed) from "jar:file:/C:/Users/Piyush/.m2/repository/com/aventstack/extentreports/5.0.9/extentreports-5.0.9.jar!/com/aventstack/extentreports/templates/spark/macros/log.ftl"
2022-03-18 12:34:52 DEBUG cache:45 - Couldn't find template in cache for "spark/macros/recurse_nodes.ftl"("en_IN", UTF-8, parsed); will try to load it.
2022-03-18 12:34:52 DEBUG cache:45 - TemplateLoader.findTemplateSource("spark/macros/recurse_nodes_en_IN.ftl"): Not found
2022-03-18 12:34:52 DEBUG cache:45 - TemplateLoader.findTemplateSource("spark/macros/recurse_nodes_en.ftl"): Not found
2022-03-18 12:34:52 DEBUG cache:45 - TemplateLoader.findTemplateSource("spark/macros/recurse_nodes.ftl"): Found
2022-03-18 12:34:52 DEBUG cache:45 - Loading template for "spark/macros/recurse_nodes.ftl"("en_IN", UTF-8, parsed) from "jar:file:/C:/Users/Piyush/.m2/repository/com/aventstack/extentreports/5.0.9/extentreports-5.0.9.jar!/com/aventstack/extentreports/templates/spark/macros/recurse_nodes.ftl"
2022-03-18 12:34:52 DEBUG cache:45 - "spark/macros/log.ftl"("en_IN", UTF-8, parsed) cached copy not yet stale; using cached.
2022-03-18 12:34:52 DEBUG cache:45 - Couldn't find template in cache for "spark/macros/attr-common.ftl"("en_IN", UTF-8, parsed); will try to load it.
2022-03-18 12:34:52 DEBUG cache:45 - TemplateLoader.findTemplateSource("spark/macros/attr-common_en_IN.ftl"): Not found
2022-03-18 12:34:52 DEBUG cache:45 - TemplateLoader.findTemplateSource("spark/macros/attr-common_en.ftl"): Not found
2022-03-18 12:34:52 DEBUG cache:45 - TemplateLoader.findTemplateSource("spark/macros/attr-common.ftl"): Found
2022-03-18 12:34:52 DEBUG cache:45 - Loading template for "spark/macros/attr-common.ftl"("en_IN", UTF-8, parsed) from "jar:file:/C:/Users/Piyush/.m2/repository/com/aventstack/extentreports/5.0.9/extentreports-5.0.9.jar!/com/aventstack/extentreports/templates/spark/macros/attr-common.ftl"
2022-03-18 12:34:52 DEBUG cache:45 - Couldn't find template in cache for "spark/partials/head.ftl"("en_IN", UTF-8, parsed); will try to load it.
2022-03-18 12:34:52 DEBUG cache:45 - TemplateLoader.findTemplateSource("spark/partials/head_en_IN.ftl"): Not found
2022-03-18 12:34:52 DEBUG cache:45 - TemplateLoader.findTemplateSource("spark/partials/head_en.ftl"): Not found
2022-03-18 12:34:52 DEBUG cache:45 - TemplateLoader.findTemplateSource("spark/partials/head.ftl"): Found
2022-03-18 12:34:52 DEBUG cache:45 - Loading template for "spark/partials/head.ftl"("en_IN", UTF-8, parsed) from "jar:file:/C:/Users/Piyush/.m2/repository/com/aventstack/extentreports/5.0.9/extentreports-5.0.9.jar!/com/aventstack/extentreports/templates/spark/partials/head.ftl"
2022-03-18 12:34:52 DEBUG cache:45 - Couldn't find template in cache for "commons/commons-inject-css.ftl"("en_IN", UTF-8, parsed); will try to load it.
2022-03-18 12:34:53 DEBUG cache:45 - TemplateLoader.findTemplateSource("commons/commons-inject-css_en_IN.ftl"): Not found
2022-03-18 12:34:53 DEBUG cache:45 - TemplateLoader.findTemplateSource("commons/commons-inject-css_en.ftl"): Not found
2022-03-18 12:34:53 DEBUG cache:45 - TemplateLoader.findTemplateSource("commons/commons-inject-css.ftl"): Found
2022-03-18 12:34:53 DEBUG cache:45 - Loading template for "commons/commons-inject-css.ftl"("en_IN", UTF-8, parsed) from "jar:file:/C:/Users/Piyush/.m2/repository/com/aventstack/extentreports/5.0.9/extentreports-5.0.9.jar!/com/aventstack/extentreports/templates/commons/commons-inject-css.ftl"
2022-03-18 12:34:53 DEBUG cache:45 - Couldn't find template in cache for "spark/partials/navbar.ftl"("en_IN", UTF-8, parsed); will try to load it.
2022-03-18 12:34:53 DEBUG cache:45 - TemplateLoader.findTemplateSource("spark/partials/navbar_en_IN.ftl"): Not found
2022-03-18 12:34:53 DEBUG cache:45 - TemplateLoader.findTemplateSource("spark/partials/navbar_en.ftl"): Not found
2022-03-18 12:34:53 DEBUG cache:45 - TemplateLoader.findTemplateSource("spark/partials/navbar.ftl"): Found
2022-03-18 12:34:53 DEBUG cache:45 - Loading template for "spark/partials/navbar.ftl"("en_IN", UTF-8, parsed) from "jar:file:/C:/Users/Piyush/.m2/repository/com/aventstack/extentreports/5.0.9/extentreports-5.0.9.jar!/com/aventstack/extentreports/templates/spark/partials/navbar.ftl"
2022-03-18 12:34:53 DEBUG cache:45 - Couldn't find template in cache for "spark/partials/sidenav.ftl"("en_IN", UTF-8, parsed); will try to load it.
2022-03-18 12:34:53 DEBUG cache:45 - TemplateLoader.findTemplateSource("spark/partials/sidenav_en_IN.ftl"): Not found
2022-03-18 12:34:53 DEBUG cache:45 - TemplateLoader.findTemplateSource("spark/partials/sidenav_en.ftl"): Not found
2022-03-18 12:34:53 DEBUG cache:45 - TemplateLoader.findTemplateSource("spark/partials/sidenav.ftl"): Found
2022-03-18 12:34:53 DEBUG cache:45 - Loading template for "spark/partials/sidenav.ftl"("en_IN", UTF-8, parsed) from "jar:file:/C:/Users/Piyush/.m2/repository/com/aventstack/extentreports/5.0.9/extentreports-5.0.9.jar!/com/aventstack/extentreports/templates/spark/partials/sidenav.ftl"
2022-03-18 12:34:53 DEBUG cache:45 - Couldn't find template in cache for "spark/partials/test.ftl"("en_IN", UTF-8, parsed); will try to load it.
2022-03-18 12:34:53 DEBUG cache:45 - TemplateLoader.findTemplateSource("spark/partials/test_en_IN.ftl"): Not found
2022-03-18 12:34:53 DEBUG cache:45 - TemplateLoader.findTemplateSource("spark/partials/test_en.ftl"): Not found
2022-03-18 12:34:53 DEBUG cache:45 - TemplateLoader.findTemplateSource("spark/partials/test.ftl"): Found
2022-03-18 12:34:53 DEBUG cache:45 - Loading template for "spark/partials/test.ftl"("en_IN", UTF-8, parsed) from "jar:file:/C:/Users/Piyush/.m2/repository/com/aventstack/extentreports/5.0.9/extentreports-5.0.9.jar!/com/aventstack/extentreports/templates/spark/partials/test.ftl"
2022-03-18 12:34:53 DEBUG cache:45 - Couldn't find template in cache for "spark/partials/standard-content.ftl"("en_IN", UTF-8, parsed); will try to load it.
2022-03-18 12:34:53 DEBUG cache:45 - TemplateLoader.findTemplateSource("spark/partials/standard-content_en_IN.ftl"): Not found
2022-03-18 12:34:53 DEBUG cache:45 - TemplateLoader.findTemplateSource("spark/partials/standard-content_en.ftl"): Not found
2022-03-18 12:34:53 DEBUG cache:45 - TemplateLoader.findTemplateSource("spark/partials/standard-content.ftl"): Found
2022-03-18 12:34:53 DEBUG cache:45 - Loading template for "spark/partials/standard-content.ftl"("en_IN", UTF-8, parsed) from "jar:file:/C:/Users/Piyush/.m2/repository/com/aventstack/extentreports/5.0.9/extentreports-5.0.9.jar!/com/aventstack/extentreports/templates/spark/partials/standard-content.ftl"
2022-03-18 12:34:53 DEBUG cache:45 - "spark/partials/standard-content.ftl"("en_IN", UTF-8, parsed) cached copy not yet stale; using cached.
2022-03-18 12:34:53 DEBUG cache:45 - "spark/partials/standard-content.ftl"("en_IN", UTF-8, parsed) cached copy not yet stale; using cached.
2022-03-18 12:34:53 DEBUG cache:45 - "spark/partials/standard-content.ftl"("en_IN", UTF-8, parsed) cached copy not yet stale; using cached.
2022-03-18 12:34:53 DEBUG cache:45 - "spark/partials/standard-content.ftl"("en_IN", UTF-8, parsed) cached copy not yet stale; using cached.
2022-03-18 12:34:53 DEBUG cache:45 - "spark/partials/standard-content.ftl"("en_IN", UTF-8, parsed) cached copy not yet stale; using cached.
2022-03-18 12:34:53 DEBUG cache:45 - "spark/partials/standard-content.ftl"("en_IN", UTF-8, parsed) cached copy not yet stale; using cached.
2022-03-18 12:34:53 DEBUG cache:45 - "spark/partials/standard-content.ftl"("en_IN", UTF-8, parsed) cached copy not yet stale; using cached.
2022-03-18 12:34:53 DEBUG cache:45 - "spark/partials/standard-content.ftl"("en_IN", UTF-8, parsed) cached copy not yet stale; using cached.
2022-03-18 12:34:53 DEBUG cache:45 - "spark/partials/standard-content.ftl"("en_IN", UTF-8, parsed) cached copy not yet stale; using cached.
2022-03-18 12:34:53 DEBUG cache:45 - Couldn't find template in cache for "spark/partials/exception.ftl"("en_IN", UTF-8, parsed); will try to load it.
2022-03-18 12:34:53 DEBUG cache:45 - TemplateLoader.findTemplateSource("spark/partials/exception_en_IN.ftl"): Not found
2022-03-18 12:34:53 DEBUG cache:45 - TemplateLoader.findTemplateSource("spark/partials/exception_en.ftl"): Not found
2022-03-18 12:34:53 DEBUG cache:45 - TemplateLoader.findTemplateSource("spark/partials/exception.ftl"): Found
2022-03-18 12:34:53 DEBUG cache:45 - Loading template for "spark/partials/exception.ftl"("en_IN", UTF-8, parsed) from "jar:file:/C:/Users/Piyush/.m2/repository/com/aventstack/extentreports/5.0.9/extentreports-5.0.9.jar!/com/aventstack/extentreports/templates/spark/partials/exception.ftl"
2022-03-18 12:34:53 DEBUG cache:45 - Couldn't find template in cache for "spark/partials/category.ftl"("en_IN", UTF-8, parsed); will try to load it.
2022-03-18 12:34:53 DEBUG cache:45 - TemplateLoader.findTemplateSource("spark/partials/category_en_IN.ftl"): Not found
2022-03-18 12:34:53 DEBUG cache:45 - TemplateLoader.findTemplateSource("spark/partials/category_en.ftl"): Not found
2022-03-18 12:34:53 DEBUG cache:45 - TemplateLoader.findTemplateSource("spark/partials/category.ftl"): Found
2022-03-18 12:34:53 DEBUG cache:45 - Loading template for "spark/partials/category.ftl"("en_IN", UTF-8, parsed) from "jar:file:/C:/Users/Piyush/.m2/repository/com/aventstack/extentreports/5.0.9/extentreports-5.0.9.jar!/com/aventstack/extentreports/templates/spark/partials/category.ftl"
2022-03-18 12:34:53 DEBUG cache:45 - Couldn't find template in cache for "spark/partials/device.ftl"("en_IN", UTF-8, parsed); will try to load it.
2022-03-18 12:34:53 DEBUG cache:45 - TemplateLoader.findTemplateSource("spark/partials/device_en_IN.ftl"): Not found
2022-03-18 12:34:53 DEBUG cache:45 - TemplateLoader.findTemplateSource("spark/partials/device_en.ftl"): Not found
2022-03-18 12:34:53 DEBUG cache:45 - TemplateLoader.findTemplateSource("spark/partials/device.ftl"): Found
2022-03-18 12:34:53 DEBUG cache:45 - Loading template for "spark/partials/device.ftl"("en_IN", UTF-8, parsed) from "jar:file:/C:/Users/Piyush/.m2/repository/com/aventstack/extentreports/5.0.9/extentreports-5.0.9.jar!/com/aventstack/extentreports/templates/spark/partials/device.ftl"
2022-03-18 12:34:53 DEBUG cache:45 - Couldn't find template in cache for "spark/partials/author.ftl"("en_IN", UTF-8, parsed); will try to load it.
2022-03-18 12:34:53 DEBUG cache:45 - TemplateLoader.findTemplateSource("spark/partials/author_en_IN.ftl"): Not found
2022-03-18 12:34:53 DEBUG cache:45 - TemplateLoader.findTemplateSource("spark/partials/author_en.ftl"): Not found
2022-03-18 12:34:53 DEBUG cache:45 - TemplateLoader.findTemplateSource("spark/partials/author.ftl"): Found
2022-03-18 12:34:53 DEBUG cache:45 - Loading template for "spark/partials/author.ftl"("en_IN", UTF-8, parsed) from "jar:file:/C:/Users/Piyush/.m2/repository/com/aventstack/extentreports/5.0.9/extentreports-5.0.9.jar!/com/aventstack/extentreports/templates/spark/partials/author.ftl"
2022-03-18 12:34:53 DEBUG cache:45 - Couldn't find template in cache for "spark/partials/log.ftl"("en_IN", UTF-8, parsed); will try to load it.
2022-03-18 12:34:53 DEBUG cache:45 - TemplateLoader.findTemplateSource("spark/partials/log_en_IN.ftl"): Not found
2022-03-18 12:34:53 DEBUG cache:45 - TemplateLoader.findTemplateSource("spark/partials/log_en.ftl"): Not found
2022-03-18 12:34:53 DEBUG cache:45 - TemplateLoader.findTemplateSource("spark/partials/log.ftl"): Found
2022-03-18 12:34:53 DEBUG cache:45 - Loading template for "spark/partials/log.ftl"("en_IN", UTF-8, parsed) from "jar:file:/C:/Users/Piyush/.m2/repository/com/aventstack/extentreports/5.0.9/extentreports-5.0.9.jar!/com/aventstack/extentreports/templates/spark/partials/log.ftl"
2022-03-18 12:34:53 DEBUG cache:45 - Couldn't find template in cache for "spark/partials/dashboard.ftl"("en_IN", UTF-8, parsed); will try to load it.
2022-03-18 12:34:53 DEBUG cache:45 - TemplateLoader.findTemplateSource("spark/partials/dashboard_en_IN.ftl"): Not found
2022-03-18 12:34:53 DEBUG cache:45 - TemplateLoader.findTemplateSource("spark/partials/dashboard_en.ftl"): Not found
2022-03-18 12:34:53 DEBUG cache:45 - TemplateLoader.findTemplateSource("spark/partials/dashboard.ftl"): Found
2022-03-18 12:34:53 DEBUG cache:45 - Loading template for "spark/partials/dashboard.ftl"("en_IN", UTF-8, parsed) from "jar:file:/C:/Users/Piyush/.m2/repository/com/aventstack/extentreports/5.0.9/extentreports-5.0.9.jar!/com/aventstack/extentreports/templates/spark/partials/dashboard.ftl"
2022-03-18 12:34:54 DEBUG cache:45 - Couldn't find template in cache for "spark/partials/scripts.ftl"("en_IN", UTF-8, parsed); will try to load it.
2022-03-18 12:34:54 DEBUG cache:45 - TemplateLoader.findTemplateSource("spark/partials/scripts_en_IN.ftl"): Not found
2022-03-18 12:34:54 DEBUG cache:45 - TemplateLoader.findTemplateSource("spark/partials/scripts_en.ftl"): Not found
2022-03-18 12:34:54 DEBUG cache:45 - TemplateLoader.findTemplateSource("spark/partials/scripts.ftl"): Found
2022-03-18 12:34:54 DEBUG cache:45 - Loading template for "spark/partials/scripts.ftl"("en_IN", UTF-8, parsed) from "jar:file:/C:/Users/Piyush/.m2/repository/com/aventstack/extentreports/5.0.9/extentreports-5.0.9.jar!/com/aventstack/extentreports/templates/spark/partials/scripts.ftl"
2022-03-18 12:34:54 DEBUG cache:45 - Couldn't find template in cache for "commons/commons-inject-js.ftl"("en_IN", UTF-8, parsed); will try to load it.
2022-03-18 12:34:54 DEBUG cache:45 - TemplateLoader.findTemplateSource("commons/commons-inject-js_en_IN.ftl"): Not found
2022-03-18 12:34:54 DEBUG cache:45 - TemplateLoader.findTemplateSource("commons/commons-inject-js_en.ftl"): Not found
2022-03-18 12:34:54 DEBUG cache:45 - TemplateLoader.findTemplateSource("commons/commons-inject-js.ftl"): Found
2022-03-18 12:34:54 DEBUG cache:45 - Loading template for "commons/commons-inject-js.ftl"("en_IN", UTF-8, parsed) from "jar:file:/C:/Users/Piyush/.m2/repository/com/aventstack/extentreports/5.0.9/extentreports-5.0.9.jar!/com/aventstack/extentreports/templates/commons/commons-inject-js.ftl"
